# Logfile created on 2014-02-05 13:18:03 +0000 by logger.rb/44203
I, [2014-02-05T13:18:03.590256 #76729]  INFO -- : 0:  rack (1.5.2) from /Users/makis/.rvm/gems/ruby-2.1.0/specifications/rack-1.5.2.gemspec
I, [2014-02-05T13:18:03.590730 #76729]  INFO -- : 0:  rack-protection (1.5.2) from /Users/makis/.rvm/gems/ruby-2.1.0/specifications/rack-protection-1.5.2.gemspec
I, [2014-02-05T13:18:03.591044 #76729]  INFO -- : 0:  shotgun (0.9) from /Users/makis/.rvm/gems/ruby-2.1.0/specifications/shotgun-0.9.gemspec
I, [2014-02-05T13:18:03.591441 #76729]  INFO -- : 0:  tilt (1.4.1) from /Users/makis/.rvm/gems/ruby-2.1.0/specifications/tilt-1.4.1.gemspec
I, [2014-02-05T13:18:03.591848 #76729]  INFO -- : 0:  sinatra (1.4.4) from /Users/makis/.rvm/gems/ruby-2.1.0/specifications/sinatra-1.4.4.gemspec
I, [2014-02-05T13:18:03.592171 #76729]  INFO -- : 0:  bundler (1.5.1) from /Users/makis/.rvm/gems/ruby-2.1.0@global/specifications/bundler-1.5.1.gemspec
I, [2014-02-06T05:54:43.879196 #93443]  INFO -- : 0:  rack (1.5.2) from /Users/makis/.rvm/gems/ruby-2.1.0/specifications/rack-1.5.2.gemspec
I, [2014-02-06T05:54:43.882332 #93443]  INFO -- : 0:  rack-protection (1.5.2) from /Users/makis/.rvm/gems/ruby-2.1.0/specifications/rack-protection-1.5.2.gemspec
I, [2014-02-06T05:54:43.882643 #93443]  INFO -- : 0:  shotgun (0.9) from /Users/makis/.rvm/gems/ruby-2.1.0/specifications/shotgun-0.9.gemspec
I, [2014-02-06T05:54:43.882889 #93443]  INFO -- : 0:  tilt (1.4.1) from /Users/makis/.rvm/gems/ruby-2.1.0/specifications/tilt-1.4.1.gemspec
I, [2014-02-06T05:54:43.883164 #93443]  INFO -- : 0:  sinatra (1.4.4) from /Users/makis/.rvm/gems/ruby-2.1.0/specifications/sinatra-1.4.4.gemspec
I, [2014-02-06T05:54:43.883407 #93443]  INFO -- : 0:  sinatra-partial (0.4.0) from /Users/makis/.rvm/gems/ruby-2.1.0/specifications/sinatra-partial-0.4.0.gemspec
I, [2014-02-06T05:54:43.883666 #93443]  INFO -- : 0:  bundler (1.5.1) from /Users/makis/.rvm/gems/ruby-2.1.0@global/specifications/bundler-1.5.1.gemspec
I, [2014-02-06T09:24:02.775330 #1510]  INFO -- : 0:  rack (1.5.2) from /Users/makis/.rvm/gems/ruby-2.1.0/specifications/rack-1.5.2.gemspec
I, [2014-02-06T09:24:05.105218 #1510]  INFO -- : 0:  rack-flash3 (1.0.5) from /Users/makis/.rvm/gems/ruby-2.1.0/specifications/rack-flash3-1.0.5.gemspec
I, [2014-02-06T09:24:05.105608 #1510]  INFO -- : 0:  rack-protection (1.5.2) from /Users/makis/.rvm/gems/ruby-2.1.0/specifications/rack-protection-1.5.2.gemspec
I, [2014-02-06T09:24:05.105877 #1510]  INFO -- : 0:  shotgun (0.9) from /Users/makis/.rvm/gems/ruby-2.1.0/specifications/shotgun-0.9.gemspec
I, [2014-02-06T09:24:05.106136 #1510]  INFO -- : 0:  tilt (1.4.1) from /Users/makis/.rvm/gems/ruby-2.1.0/specifications/tilt-1.4.1.gemspec
I, [2014-02-06T09:24:05.106391 #1510]  INFO -- : 0:  sinatra (1.4.4) from /Users/makis/.rvm/gems/ruby-2.1.0/specifications/sinatra-1.4.4.gemspec
I, [2014-02-06T09:24:05.106647 #1510]  INFO -- : 0:  sinatra-partial (0.4.0) from /Users/makis/.rvm/gems/ruby-2.1.0/specifications/sinatra-partial-0.4.0.gemspec
I, [2014-02-06T09:24:05.106891 #1510]  INFO -- : 0:  bundler (1.5.1) from /Users/makis/.rvm/gems/ruby-2.1.0@global/specifications/bundler-1.5.1.gemspec
